{"/Users/oinhyuk/Documents/Github/Refactoring-Study-feature-authentication-feature/src/app.js": {"path":"/Users/oinhyuk/Documents/Github/Refactoring-Study-feature-authentication-feature/src/app.js","statementMap":{"0":{"start":{"line":1,"column":16},"end":{"line":1,"column":34}},"1":{"start":{"line":2,"column":19},"end":{"line":2,"column":49}},"2":{"start":{"line":3,"column":23},"end":{"line":3,"column":61}},"3":{"start":{"line":5,"column":12},"end":{"line":5,"column":21}},"4":{"start":{"line":8,"column":0},"end":{"line":8,"column":24}},"5":{"start":{"line":11,"column":0},"end":{"line":11,"column":29}},"6":{"start":{"line":14,"column":0},"end":{"line":19,"column":3}},"7":{"start":{"line":15,"column":2},"end":{"line":18,"column":5}},"8":{"start":{"line":22,"column":0},"end":{"line":24,"column":3}},"9":{"start":{"line":23,"column":2},"end":{"line":23,"column":29}},"10":{"start":{"line":26,"column":0},"end":{"line":26,"column":21}}},"fnMap":{"0":{"name":"(anonymous_0)","decl":{"start":{"line":14,"column":42},"end":{"line":14,"column":43}},"loc":{"start":{"line":14,"column":56},"end":{"line":19,"column":1}},"line":14},"1":{"name":"(anonymous_1)","decl":{"start":{"line":22,"column":19},"end":{"line":22,"column":20}},"loc":{"start":{"line":22,"column":33},"end":{"line":24,"column":1}},"line":22}},"branchMap":{},"s":{"0":1,"1":1,"2":1,"3":1,"4":1,"5":1,"6":1,"7":1,"8":1,"9":1,"10":1},"f":{"0":1,"1":1},"b":{},"_coverageSchema":"1a1c01bbd47fc00a2c39e90264f33305004495a9","hash":"7f688342c1956f1cd5e3c4bba37349fa2737c1a5"}
,"/Users/oinhyuk/Documents/Github/Refactoring-Study-feature-authentication-feature/src/middleware/authMiddleware.js": {"path":"/Users/oinhyuk/Documents/Github/Refactoring-Study-feature-authentication-feature/src/middleware/authMiddleware.js","statementMap":{"0":{"start":{"line":1,"column":12},"end":{"line":1,"column":35}},"1":{"start":{"line":7,"column":23},"end":{"line":37,"column":1}},"2":{"start":{"line":8,"column":2},"end":{"line":36,"column":3}},"3":{"start":{"line":10,"column":23},"end":{"line":10,"column":48}},"4":{"start":{"line":12,"column":4},"end":{"line":14,"column":5}},"5":{"start":{"line":13,"column":6},"end":{"line":13,"column":66}},"6":{"start":{"line":17,"column":18},"end":{"line":19,"column":18}},"7":{"start":{"line":22,"column":19},"end":{"line":22,"column":62}},"8":{"start":{"line":23,"column":20},"end":{"line":23,"column":45}},"9":{"start":{"line":26,"column":4},"end":{"line":26,"column":23}},"10":{"start":{"line":27,"column":4},"end":{"line":27,"column":11}},"11":{"start":{"line":29,"column":4},"end":{"line":31,"column":5}},"12":{"start":{"line":30,"column":6},"end":{"line":30,"column":62}},"13":{"start":{"line":32,"column":4},"end":{"line":34,"column":5}},"14":{"start":{"line":33,"column":6},"end":{"line":33,"column":62}},"15":{"start":{"line":35,"column":4},"end":{"line":35,"column":67}},"16":{"start":{"line":39,"column":0},"end":{"line":39,"column":32}}},"fnMap":{"0":{"name":"(anonymous_0)","decl":{"start":{"line":7,"column":23},"end":{"line":7,"column":24}},"loc":{"start":{"line":7,"column":43},"end":{"line":37,"column":1}},"line":7}},"branchMap":{"0":{"loc":{"start":{"line":12,"column":4},"end":{"line":14,"column":5}},"type":"if","locations":[{"start":{"line":12,"column":4},"end":{"line":14,"column":5}},{"start":{},"end":{}}],"line":12},"1":{"loc":{"start":{"line":17,"column":18},"end":{"line":19,"column":18}},"type":"cond-expr","locations":[{"start":{"line":18,"column":8},"end":{"line":18,"column":27}},{"start":{"line":19,"column":8},"end":{"line":19,"column":18}}],"line":17},"2":{"loc":{"start":{"line":22,"column":19},"end":{"line":22,"column":62}},"type":"binary-expr","locations":[{"start":{"line":22,"column":19},"end":{"line":22,"column":41}},{"start":{"line":22,"column":45},"end":{"line":22,"column":62}}],"line":22},"3":{"loc":{"start":{"line":29,"column":4},"end":{"line":31,"column":5}},"type":"if","locations":[{"start":{"line":29,"column":4},"end":{"line":31,"column":5}},{"start":{},"end":{}}],"line":29},"4":{"loc":{"start":{"line":32,"column":4},"end":{"line":34,"column":5}},"type":"if","locations":[{"start":{"line":32,"column":4},"end":{"line":34,"column":5}},{"start":{},"end":{}}],"line":32}},"s":{"0":1,"1":1,"2":3,"3":3,"4":3,"5":1,"6":2,"7":2,"8":2,"9":1,"10":1,"11":1,"12":0,"13":1,"14":1,"15":0,"16":1},"f":{"0":3},"b":{"0":[1,2],"1":[2,0],"2":[2,2],"3":[0,1],"4":[1,0]},"_coverageSchema":"1a1c01bbd47fc00a2c39e90264f33305004495a9","hash":"c5db152ba81d073fe32dec25909f4f55ae492655"}
,"/Users/oinhyuk/Documents/Github/Refactoring-Study-feature-authentication-feature/src/models/User.js": {"path":"/Users/oinhyuk/Documents/Github/Refactoring-Study-feature-authentication-feature/src/models/User.js","statementMap":{"0":{"start":{"line":1,"column":15},"end":{"line":1,"column":34}},"1":{"start":{"line":9,"column":4},"end":{"line":9,"column":23}},"2":{"start":{"line":10,"column":4},"end":{"line":10,"column":29}},"3":{"start":{"line":11,"column":4},"end":{"line":11,"column":32}},"4":{"start":{"line":19,"column":17},"end":{"line":19,"column":41}},"5":{"start":{"line":20,"column":4},"end":{"line":20,"column":59}},"6":{"start":{"line":21,"column":4},"end":{"line":21,"column":25}},"7":{"start":{"line":30,"column":4},"end":{"line":30,"column":62}},"8":{"start":{"line":38,"column":49},"end":{"line":38,"column":53}},"9":{"start":{"line":39,"column":4},"end":{"line":39,"column":31}},"10":{"start":{"line":43,"column":0},"end":{"line":43,"column":22}}},"fnMap":{"0":{"name":"(anonymous_0)","decl":{"start":{"line":8,"column":2},"end":{"line":8,"column":3}},"loc":{"start":{"line":8,"column":31},"end":{"line":12,"column":3}},"line":8},"1":{"name":"(anonymous_1)","decl":{"start":{"line":18,"column":2},"end":{"line":18,"column":3}},"loc":{"start":{"line":18,"column":23},"end":{"line":22,"column":3}},"line":18},"2":{"name":"(anonymous_2)","decl":{"start":{"line":29,"column":2},"end":{"line":29,"column":3}},"loc":{"start":{"line":29,"column":39},"end":{"line":31,"column":3}},"line":29},"3":{"name":"(anonymous_3)","decl":{"start":{"line":37,"column":2},"end":{"line":37,"column":3}},"loc":{"start":{"line":37,"column":11},"end":{"line":40,"column":3}},"line":37}},"branchMap":{},"s":{"0":1,"1":4,"2":4,"3":4,"4":4,"5":4,"6":4,"7":5,"8":8,"9":8,"10":1},"f":{"0":4,"1":4,"2":5,"3":8},"b":{},"_coverageSchema":"1a1c01bbd47fc00a2c39e90264f33305004495a9","hash":"646d9d02329c55defd1d5a7cbb20a36a9856bc2b"}
,"/Users/oinhyuk/Documents/Github/Refactoring-Study-feature-authentication-feature/src/routes/authRoutes.js": {"path":"/Users/oinhyuk/Documents/Github/Refactoring-Study-feature-authentication-feature/src/routes/authRoutes.js","statementMap":{"0":{"start":{"line":1,"column":16},"end":{"line":1,"column":34}},"1":{"start":{"line":2,"column":12},"end":{"line":2,"column":35}},"2":{"start":{"line":3,"column":13},"end":{"line":3,"column":38}},"3":{"start":{"line":5,"column":15},"end":{"line":5,"column":31}},"4":{"start":{"line":8,"column":14},"end":{"line":8,"column":16}},"5":{"start":{"line":15,"column":0},"end":{"line":43,"column":3}},"6":{"start":{"line":16,"column":2},"end":{"line":42,"column":3}},"7":{"start":{"line":17,"column":32},"end":{"line":17,"column":40}},"8":{"start":{"line":20,"column":4},"end":{"line":22,"column":5}},"9":{"start":{"line":21,"column":6},"end":{"line":21,"column":80}},"10":{"start":{"line":25,"column":25},"end":{"line":25,"column":59}},"11":{"start":{"line":25,"column":41},"end":{"line":25,"column":58}},"12":{"start":{"line":26,"column":4},"end":{"line":28,"column":5}},"13":{"start":{"line":27,"column":6},"end":{"line":27,"column":68}},"14":{"start":{"line":31,"column":17},"end":{"line":31,"column":42}},"15":{"start":{"line":32,"column":4},"end":{"line":32,"column":30}},"16":{"start":{"line":34,"column":4},"end":{"line":34,"column":21}},"17":{"start":{"line":36,"column":4},"end":{"line":39,"column":7}},"18":{"start":{"line":41,"column":4},"end":{"line":41,"column":90}},"19":{"start":{"line":50,"column":0},"end":{"line":87,"column":3}},"20":{"start":{"line":51,"column":2},"end":{"line":86,"column":3}},"21":{"start":{"line":52,"column":32},"end":{"line":52,"column":40}},"22":{"start":{"line":55,"column":4},"end":{"line":57,"column":5}},"23":{"start":{"line":56,"column":6},"end":{"line":56,"column":80}},"24":{"start":{"line":60,"column":17},"end":{"line":60,"column":51}},"25":{"start":{"line":60,"column":33},"end":{"line":60,"column":50}},"26":{"start":{"line":61,"column":4},"end":{"line":63,"column":5}},"27":{"start":{"line":62,"column":6},"end":{"line":62,"column":68}},"28":{"start":{"line":66,"column":28},"end":{"line":66,"column":64}},"29":{"start":{"line":67,"column":4},"end":{"line":69,"column":5}},"30":{"start":{"line":68,"column":6},"end":{"line":68,"column":68}},"31":{"start":{"line":72,"column":19},"end":{"line":72,"column":62}},"32":{"start":{"line":73,"column":18},"end":{"line":77,"column":5}},"33":{"start":{"line":79,"column":4},"end":{"line":83,"column":7}},"34":{"start":{"line":85,"column":4},"end":{"line":85,"column":83}},"35":{"start":{"line":89,"column":0},"end":{"line":89,"column":24}}},"fnMap":{"0":{"name":"(anonymous_0)","decl":{"start":{"line":15,"column":25},"end":{"line":15,"column":26}},"loc":{"start":{"line":15,"column":45},"end":{"line":43,"column":1}},"line":15},"1":{"name":"(anonymous_1)","decl":{"start":{"line":25,"column":36},"end":{"line":25,"column":37}},"loc":{"start":{"line":25,"column":41},"end":{"line":25,"column":58}},"line":25},"2":{"name":"(anonymous_2)","decl":{"start":{"line":50,"column":22},"end":{"line":50,"column":23}},"loc":{"start":{"line":50,"column":42},"end":{"line":87,"column":1}},"line":50},"3":{"name":"(anonymous_3)","decl":{"start":{"line":60,"column":28},"end":{"line":60,"column":29}},"loc":{"start":{"line":60,"column":33},"end":{"line":60,"column":50}},"line":60}},"branchMap":{"0":{"loc":{"start":{"line":20,"column":4},"end":{"line":22,"column":5}},"type":"if","locations":[{"start":{"line":20,"column":4},"end":{"line":22,"column":5}},{"start":{},"end":{}}],"line":20},"1":{"loc":{"start":{"line":20,"column":8},"end":{"line":20,"column":27}},"type":"binary-expr","locations":[{"start":{"line":20,"column":8},"end":{"line":20,"column":14}},{"start":{"line":20,"column":18},"end":{"line":20,"column":27}}],"line":20},"2":{"loc":{"start":{"line":26,"column":4},"end":{"line":28,"column":5}},"type":"if","locations":[{"start":{"line":26,"column":4},"end":{"line":28,"column":5}},{"start":{},"end":{}}],"line":26},"3":{"loc":{"start":{"line":55,"column":4},"end":{"line":57,"column":5}},"type":"if","locations":[{"start":{"line":55,"column":4},"end":{"line":57,"column":5}},{"start":{},"end":{}}],"line":55},"4":{"loc":{"start":{"line":55,"column":8},"end":{"line":55,"column":27}},"type":"binary-expr","locations":[{"start":{"line":55,"column":8},"end":{"line":55,"column":14}},{"start":{"line":55,"column":18},"end":{"line":55,"column":27}}],"line":55},"5":{"loc":{"start":{"line":61,"column":4},"end":{"line":63,"column":5}},"type":"if","locations":[{"start":{"line":61,"column":4},"end":{"line":63,"column":5}},{"start":{},"end":{}}],"line":61},"6":{"loc":{"start":{"line":67,"column":4},"end":{"line":69,"column":5}},"type":"if","locations":[{"start":{"line":67,"column":4},"end":{"line":69,"column":5}},{"start":{},"end":{}}],"line":67},"7":{"loc":{"start":{"line":72,"column":19},"end":{"line":72,"column":62}},"type":"binary-expr","locations":[{"start":{"line":72,"column":19},"end":{"line":72,"column":41}},{"start":{"line":72,"column":45},"end":{"line":72,"column":62}}],"line":72}},"s":{"0":1,"1":1,"2":1,"3":1,"4":1,"5":1,"6":11,"7":11,"8":11,"9":1,"10":10,"11":25,"12":10,"13":6,"14":4,"15":4,"16":4,"17":4,"18":0,"19":1,"20":7,"21":7,"22":7,"23":1,"24":6,"25":21,"26":6,"27":1,"28":5,"29":5,"30":1,"31":4,"32":4,"33":4,"34":0,"35":1},"f":{"0":11,"1":25,"2":7,"3":21},"b":{"0":[1,10],"1":[11,11],"2":[6,4],"3":[1,6],"4":[7,7],"5":[1,5],"6":[1,4],"7":[4,4]},"_coverageSchema":"1a1c01bbd47fc00a2c39e90264f33305004495a9","hash":"0be79b9095b639c0a764c72397c5e82bef4e6f47"}
}
