TN:
SF:src/app.js
FN:14,(anonymous_0)
FN:22,(anonymous_1)
FNF:2
FNH:2
FNDA:1,(anonymous_0)
FNDA:1,(anonymous_1)
DA:1,1
DA:2,1
DA:3,1
DA:5,1
DA:8,1
DA:11,1
DA:14,1
DA:15,1
DA:22,1
DA:23,1
DA:26,1
LF:11
LH:11
BRF:0
BRH:0
end_of_record
TN:
SF:src/middleware/authMiddleware.js
FN:7,(anonymous_0)
FNF:1
FNH:1
FNDA:3,(anonymous_0)
DA:1,1
DA:7,1
DA:8,3
DA:10,3
DA:12,3
DA:13,1
DA:17,2
DA:22,2
DA:23,2
DA:26,1
DA:27,1
DA:29,1
DA:30,0
DA:32,1
DA:33,1
DA:35,0
DA:39,1
LF:17
LH:15
BRDA:12,0,0,1
BRDA:12,0,1,2
BRDA:17,1,0,2
BRDA:17,1,1,0
BRDA:22,2,0,2
BRDA:22,2,1,2
BRDA:29,3,0,0
BRDA:29,3,1,1
BRDA:32,4,0,1
BRDA:32,4,1,0
BRF:10
BRH:7
end_of_record
TN:
SF:src/models/User.js
FN:8,(anonymous_0)
FN:18,(anonymous_1)
FN:29,(anonymous_2)
FN:37,(anonymous_3)
FNF:4
FNH:4
FNDA:4,(anonymous_0)
FNDA:4,(anonymous_1)
FNDA:5,(anonymous_2)
FNDA:8,(anonymous_3)
DA:1,1
DA:9,4
DA:10,4
DA:11,4
DA:19,4
DA:20,4
DA:21,4
DA:30,5
DA:38,8
DA:39,8
DA:43,1
LF:11
LH:11
BRF:0
BRH:0
end_of_record
TN:
SF:src/routes/authRoutes.js
FN:15,(anonymous_0)
FN:25,(anonymous_1)
FN:50,(anonymous_2)
FN:60,(anonymous_3)
FNF:4
FNH:4
FNDA:11,(anonymous_0)
FNDA:25,(anonymous_1)
FNDA:7,(anonymous_2)
FNDA:21,(anonymous_3)
DA:1,1
DA:2,1
DA:3,1
DA:5,1
DA:8,1
DA:15,1
DA:16,11
DA:17,11
DA:20,11
DA:21,1
DA:25,25
DA:26,10
DA:27,6
DA:31,4
DA:32,4
DA:34,4
DA:36,4
DA:41,0
DA:50,1
DA:51,7
DA:52,7
DA:55,7
DA:56,1
DA:60,21
DA:61,6
DA:62,1
DA:66,5
DA:67,5
DA:68,1
DA:72,4
DA:73,4
DA:79,4
DA:85,0
DA:89,1
LF:34
LH:32
BRDA:20,0,0,1
BRDA:20,0,1,10
BRDA:20,1,0,11
BRDA:20,1,1,11
BRDA:26,2,0,6
BRDA:26,2,1,4
BRDA:55,3,0,1
BRDA:55,3,1,6
BRDA:55,4,0,7
BRDA:55,4,1,7
BRDA:61,5,0,1
BRDA:61,5,1,5
BRDA:67,6,0,1
BRDA:67,6,1,4
BRDA:72,7,0,4
BRDA:72,7,1,4
BRF:16
BRH:16
end_of_record
